Date/Time:       2024-11-16 18:17:47 
Command line:    C:\Users\SmithR\Downloads\PortableGit\MusicHockeyApp\beeware-venv\Scripts\briefcase build android

OS Release:      Windows 11
OS Version:      10.0.22631
Architecture:    AMD64
Platform:        Windows-11-10.0.22631-SP0

Python exe:      C:\Users\SmithR\Downloads\PortableGit\MusicHockeyApp\beeware-venv\Scripts\python.exe
Python version:  3.12.4 (tags/v3.12.4:8e8a4ba, Jun  6 2024, 19:30:16) [MSC v.1940 64 bit (AMD64)]
Virtual env:     True
Conda env:       False

Briefcase:       0.3.20
Target platform: android
Target format:   gradle

Environment Variables:
	ALLUSERSPROFILE=C:\ProgramData
	APPDATA=C:\Users\SmithR\AppData\Roaming
	ASL.LOG=Destination=file
	CLASSPATH=.;C:\Program Files (x86)\QuickTime\QTSystem\QTJava.zip
	COMMONPROGRAMFILES=C:\Program Files\Common Files
	COMMONPROGRAMFILES(X86)=C:\Program Files (x86)\Common Files
	COMMONPROGRAMW6432=C:\Program Files\Common Files
	COMPUTERNAME=SMITHR25
	COMSPEC=C:\WINDOWS\system32\cmd.exe
	DRIVERDATA=C:\Windows\System32\Drivers\DriverData
	EFC_9772=1
	HOMEDRIVE=C:
	HOMEPATH=\Users\SmithR
	INTEL_DEV_REDIST=C:\Program Files (x86)\Common Files\Intel\Shared Libraries\
	JAVA_HOME=C:\Users\SmithR\Downloads\jdk-17.0.12
	LOCALAPPDATA=C:\Users\SmithR\AppData\Local
	LOGONSERVER=\\CADETS06DC
	MIC_LD_LIBRARY_PATH=C:\Program Files (x86)\Common Files\Intel\Shared Libraries\compiler\lib\mic
	NUMBER_OF_PROCESSORS=8
	ONEDRIVE=C:\Users\SmithR\OneDrive - Christian Brothers College High School
	ONEDRIVECOMMERCIAL=C:\Users\SmithR\OneDrive - Christian Brothers College High School
	OS=Windows_NT
	PATH=C:\Users\SmithR\Downloads\PortableGit\MusicHockeyApp\beeware-venv\Scripts;C:\Program Files (x86)\Common Files\Intel\Shared Libraries\redist\intel64\compiler;C:\WINDOWS\system32;C:\WINDOWS;C:\WINDOWS\System32\Wbem;C:\WINDOWS\System32\WindowsPowerShell\v1.0\;C:\WINDOWS\System32\OpenSSH\;C:\Program Files\dotnet\;C:\Program Files (x86)\Windows Kits\10\Windows Performance Toolkit\;C:\Program Files (x86)\IVI Foundation\VISA\WinNT\Bin;C:\Program Files (x86)\QuickTime\QTSystem\;C:\Program Files\Microsoft VS Code\bin;C:\Program Files\Microsoft SQL Server\150\Tools\Binn\;C:\Program Files\Microsoft SQL Server\Client SDK\ODBC\170\Tools\Binn\;C:\Users\SmithR\AppData\Local\Microsoft\WindowsApps;C:\Program Files (x86)\Python312-32;C:\Program Files (x86)\Python312-32\pythonw.exe;C:\Program Files (x86)\Python312-32\python.exe;C:\Program Files (x86)\Python312-32\Scripts\pip.exe;C:\Program Files (x86)\Python312-32\Scripts\pip3.12.exe;C:\Program Files (x86)\Python312-32\Scripts\pip3.exe;C:\Program Files (x86)\Python312-32\Scripts;C:\Users\SmithR\AppData\Local\Microsoft\WinGet\Packages\Schniz.fnm_Microsoft.Winget.Source_8wekyb3d8bbwe;C:\Users\SmithR\Downloads\node-v22.8.0-win-x64\npm.cmd;C:\Users\SmithR\Downloads\node-v22.8.0-win-x64\npx.cmd;C:\Users\SmithR\Downloads\node-v22.8.0-win-x64;C:\Users\SmithR\AppData\Local\Programs\Git\cmd;C:\Users\SmithR\AppData\Local\GitHubDesktop\bin;C:\Users\SmithR\AppData\Local\Programs\Swift\Runtimes\6.0.2\usr\bin\;C:\Users\SmithR\AppData\Local\Programs\Swift\Toolchains\6.0.2+Asserts\usr\bin\;C:\Users\SmithR\AppData\Local\Programs\Swift\Tools\6.0.2\;C:\Users\SmithR\Downloads\flutter\bin;C:\Users\SmithR\Downloads\jdk-17.0.12\bin;
	PATHEXT=.COM;.EXE;.BAT;.CMD;.VBS;.VBE;.JS;.JSE;.WSF;.WSH;.MSC
	PROCESSOR_ARCHITECTURE=AMD64
	PROCESSOR_IDENTIFIER=Intel64 Family 6 Model 140 Stepping 1, GenuineIntel
	PROCESSOR_LEVEL=6
	PROCESSOR_REVISION=8c01
	PROGRAMDATA=C:\ProgramData
	PROGRAMFILES=C:\Program Files
	PROGRAMFILES(X86)=C:\Program Files (x86)
	PROGRAMW6432=C:\Program Files
	PROMPT=(beeware-venv) $P$G
	PSMODULEPATH=C:\Program Files\WindowsPowerShell\Modules;C:\WINDOWS\system32\WindowsPowerShell\v1.0\Modules
	PUBLIC=C:\Users\Public
	QTJAVA=C:\Program Files (x86)\QuickTime\QTSystem\QTJava.zip
	SDKROOT=C:\Users\SmithR\AppData\Local\Programs\Swift\Platforms\6.0.2\Windows.platform\Developer\SDKs\Windows.sdk\
	SESSIONNAME=Console
	SYSTEMDRIVE=C:
	SYSTEMROOT=C:\WINDOWS
	TEMP=C:\Users\SmithR\AppData\Local\Temp
	TMP=C:\Users\SmithR\AppData\Local\Temp
	UATDATA=C:\WINDOWS\CCM\UATData\D9F8C395-CAB8-491d-B8AC-179A1FE1BE77
	USERDNSDOMAIN=CADETS.CBCHS.ORG
	USERDOMAIN=CADETS
	USERDOMAIN_ROAMINGPROFILE=CADETS
	USERNAME=SMITHR
	USERPROFILE=C:\Users\SmithR
	VIRTUAL_ENV=C:\Users\SmithR\Downloads\PortableGit\MusicHockeyApp\beeware-venv
	VIRTUAL_ENV_PROMPT=(beeware-venv) 
	VXIPNPPATH=C:\Program Files (x86)\IVI Foundation\VISA\
	WINDIR=C:\WINDOWS
	ZES_ENABLE_SYSMAN=1
	_OLD_VIRTUAL_PATH=C:\Program Files (x86)\Common Files\Intel\Shared Libraries\redist\intel64\compiler;C:\WINDOWS\system32;C:\WINDOWS;C:\WINDOWS\System32\Wbem;C:\WINDOWS\System32\WindowsPowerShell\v1.0\;C:\WINDOWS\System32\OpenSSH\;C:\Program Files\dotnet\;C:\Program Files (x86)\Windows Kits\10\Windows Performance Toolkit\;C:\Program Files (x86)\IVI Foundation\VISA\WinNT\Bin;C:\Program Files (x86)\QuickTime\QTSystem\;C:\Program Files\Microsoft VS Code\bin;C:\Program Files\Microsoft SQL Server\150\Tools\Binn\;C:\Program Files\Microsoft SQL Server\Client SDK\ODBC\170\Tools\Binn\;C:\Users\SmithR\AppData\Local\Microsoft\WindowsApps;C:\Program Files (x86)\Python312-32;C:\Program Files (x86)\Python312-32\pythonw.exe;C:\Program Files (x86)\Python312-32\python.exe;C:\Program Files (x86)\Python312-32\Scripts\pip.exe;C:\Program Files (x86)\Python312-32\Scripts\pip3.12.exe;C:\Program Files (x86)\Python312-32\Scripts\pip3.exe;C:\Program Files (x86)\Python312-32\Scripts;C:\Users\SmithR\AppData\Local\Microsoft\WinGet\Packages\Schniz.fnm_Microsoft.Winget.Source_8wekyb3d8bbwe;C:\Users\SmithR\Downloads\node-v22.8.0-win-x64\npm.cmd;C:\Users\SmithR\Downloads\node-v22.8.0-win-x64\npx.cmd;C:\Users\SmithR\Downloads\node-v22.8.0-win-x64;C:\Users\SmithR\AppData\Local\Programs\Git\cmd;C:\Users\SmithR\AppData\Local\GitHubDesktop\bin;C:\Users\SmithR\AppData\Local\Programs\Swift\Runtimes\6.0.2\usr\bin\;C:\Users\SmithR\AppData\Local\Programs\Swift\Toolchains\6.0.2+Asserts\usr\bin\;C:\Users\SmithR\AppData\Local\Programs\Swift\Tools\6.0.2\;C:\Users\SmithR\Downloads\flutter\bin;C:\Users\SmithR\Downloads\jdk-17.0.12\bin;
	_OLD_VIRTUAL_PROMPT=$P$G

pyproject.toml:
# This project was generated with 0.3.20 using template: https://github.com/beeware/briefcase-template@v0.3.20
[tool.briefcase]
project_name = "Music Hockey App"
bundle = "com.example"
version = "0.0.1"
url = "https://example.com/musichockeyapp"
license.file = "LICENSE"
author = "Stark Industries"
author_email = "smithr@cbchs.org"

[tool.briefcase.app.musichockeyapp]
formal_name = "Music Hockey App"
description = "Plays music and sound effects required during hockey game"
long_description = """More details about the app should go here.
"""
sources = [
    "src/musichockeyapp",
]
test_sources = [
    "tests",
]

requires = [
]
test_requires = [
    "pytest",
]

[tool.briefcase.app.musichockeyapp.macOS]
universal_build = true
requires = [
    "toga-cocoa~=0.4.7",
    "std-nslog~=1.0.3",
]

[tool.briefcase.app.musichockeyapp.linux]
requires = [
    "toga-gtk~=0.4.7",
]

[tool.briefcase.app.musichockeyapp.linux.system.debian]
system_requires = [
    # Needed to compile pycairo wheel
    "libcairo2-dev",
    # Needed to compile PyGObject wheel
    "libgirepository1.0-dev",
]

system_runtime_requires = [
    # Needed to provide GTK and its GI bindings
    "gir1.2-gtk-3.0",
    "libgirepository-1.0-1",
    # Dependencies that GTK looks for at runtime
    "libcanberra-gtk3-module",
    # Needed to provide WebKit2 at runtime
    # Note: Debian 11 and Ubuntu 20.04 require gir1.2-webkit2-4.0 instead
    # "gir1.2-webkit2-4.1",
]

[tool.briefcase.app.musichockeyapp.linux.system.rhel]
system_requires = [
    # Needed to compile pycairo wheel
    "cairo-gobject-devel",
    # Needed to compile PyGObject wheel
    "gobject-introspection-devel",
]

system_runtime_requires = [
    # Needed to support Python bindings to GTK
    "gobject-introspection",
    # Needed to provide GTK
    "gtk3",
    # Dependencies that GTK looks for at runtime
    "libcanberra-gtk3",
    # Needed to provide WebKit2 at runtime
    # "webkit2gtk3",
]

[tool.briefcase.app.musichockeyapp.linux.system.suse]
system_requires = [
    # Needed to compile pycairo wheel
    "cairo-devel",
    # Needed to compile PyGObject wheel
    "gobject-introspection-devel",
]

system_runtime_requires = [
    # Needed to provide GTK
    "gtk3",
    # Needed to support Python bindings to GTK
    "gobject-introspection", "typelib(Gtk) = 3.0",
    # Dependencies that GTK looks for at runtime
    "libcanberra-gtk3-module",
    # Needed to provide WebKit2 at runtime
    # "libwebkit2gtk3", "typelib(WebKit2)",
]

[tool.briefcase.app.musichockeyapp.linux.system.arch]
system_requires = [
    # Needed to compile pycairo wheel
    "cairo",
    # Needed to compile PyGObject wheel
    "gobject-introspection",
    # Runtime dependencies that need to exist so that the
    # Arch package passes final validation.
    # Needed to provide GTK
    "gtk3",
    # Dependencies that GTK looks for at runtime
    "libcanberra",
    # Needed to provide WebKit2
    # "webkit2gtk",
]

system_runtime_requires = [
    # Needed to provide GTK
    "gtk3",
    # Needed to provide PyGObject bindings
    "gobject-introspection-runtime",
    # Dependencies that GTK looks for at runtime
    "libcanberra",
    # Needed to provide WebKit2 at runtime
    # "webkit2gtk",
]

[tool.briefcase.app.musichockeyapp.linux.appimage]
manylinux = "manylinux_2_28"

system_requires = [
    # Needed to compile pycairo wheel
    "cairo-gobject-devel",
    # Needed to compile PyGObject wheel
    "gobject-introspection-devel",
    # Needed to provide GTK
    "gtk3-devel",
    # Dependencies that GTK looks for at runtime, that need to be
    # in the build environment to be picked up by linuxdeploy
    "libcanberra-gtk3",
    "PackageKit-gtk3-module",
    "gvfs-client",
]

linuxdeploy_plugins = [
    "DEPLOY_GTK_VERSION=3 gtk",
]

[tool.briefcase.app.musichockeyapp.linux.flatpak]
flatpak_runtime = "org.gnome.Platform"
flatpak_runtime_version = "47"
flatpak_sdk = "org.gnome.Sdk"

[tool.briefcase.app.musichockeyapp.windows]
requires = [
    "toga-winforms~=0.4.7",
]

# Mobile deployments
[tool.briefcase.app.musichockeyapp.iOS]
requires = [
    "toga-iOS~=0.4.7",
    "std-nslog~=1.0.3",
]

[tool.briefcase.app.musichockeyapp.android]
requires = [
    "toga-android~=0.4.7",
]

base_theme = "Theme.MaterialComponents.Light.DarkActionBar"

build_gradle_dependencies = [
    "com.google.android.material:material:1.12.0",
    # Needed for DetailedList
    # "androidx.swiperefreshlayout:swiperefreshlayout:1.1.0",
    # Needed for MapView
    # "org.osmdroid:osmdroid-android:6.1.20",
]

# Web deployments
[tool.briefcase.app.musichockeyapp.web]
requires = [
    "toga-web~=0.4.7",
]
style_framework = "Shoelace v2.3"

Briefcase Log:
[18:14:26]                                                                                                                                                               java.py:111
           [Java JDK] Evaluating JAVA_HOME...                                                                                                                            java.py:111
           JAVA_HOME=C:\Users\SmithR\Downloads\jdk-17.0.12                                                                                                               java.py:112
                                                                                                                                                                   subprocess.py:827
           >>> Running Command:                                                                                                                                    subprocess.py:827
           >>>     'C:\Users\SmithR\Downloads\jdk-17.0.12\bin\javac' -version                                                                                      subprocess.py:827
           >>> Working Directory:                                                                                                                                  subprocess.py:827
           >>>     C:\Users\SmithR\Downloads\Hockey-Music-and-Sound-dylan\musichockeyapp                                                                           subprocess.py:827
           >>> Command Output:                                                                                                                                     subprocess.py:827
           >>>     javac 17.0.12                                                                                                                                   subprocess.py:827
           >>> Return code: 0                                                                                                                                      subprocess.py:827
           Using JDK at C:\Users\SmithR\Downloads\jdk-17.0.12                                                                                                            java.py:258
                                                                                                                                                                  android_sdk.py:585
           The Android tools provided by Google have license terms that you must accept                                                                           android_sdk.py:585
           before you may use those tools.                                                                                                                        android_sdk.py:585
                                                                                                                                                                   subprocess.py:827
           >>> Running Command:                                                                                                                                    subprocess.py:827
           >>>     'C:\Users\SmithR\AppData\Local\BeeWare\briefcase\Cache\tools\android_sdk\cmdline-tools\12.0\bin\sdkmanager.bat' --licenses                      subprocess.py:827
           >>> Working Directory:                                                                                                                                  subprocess.py:827
           >>>     C:\Users\SmithR\Downloads\Hockey-Music-and-Sound-dylan\musichockeyapp                                                                           subprocess.py:827
           >>> Environment Overrides:                                                                                                                              subprocess.py:827
           >>>     ANDROID_HOME=C:\Users\SmithR\AppData\Local\BeeWare\briefcase\Cache\tools\android_sdk                                                            subprocess.py:827
           >>>     ANDROID_SDK_ROOT=C:\Users\SmithR\AppData\Local\BeeWare\briefcase\Cache\tools\android_sdk                                                        subprocess.py:827
           >>>     JAVA_HOME=C:\Users\SmithR\Downloads\jdk-17.0.12                                                                                                 subprocess.py:827
[18:14:42] >>> Return code: 0                                                                                                                                      subprocess.py:827
           Using Android SDK at C:\Users\SmithR\AppData\Local\BeeWare\briefcase\Cache\tools\android_sdk                                                           android_sdk.py:362
[18:14:43]                                                                                                                                                             create.py:884
           [musichockeyapp] Generating application template...                                                                                                         create.py:884
           Using app template: https://github.com/beeware/briefcase-android-gradle-template.git, branch v0.3.20                                                         base.py:1115
           Cloning template 'https://github.com/beeware/briefcase-android-gradle-template.git'...                                                                        base.py:959
[18:14:45] Using existing template (sha 7521a4a74f5861674d84bbdf1fa093fc3383e8ee, updated Tue Oct 15 09:57:16 2024)                                                     base.py:1020
[18:14:48]                                                                                                                                                             create.py:887
           [musichockeyapp] Installing support package...                                                                                                              create.py:887
[18:14:49] No support package required.                                                                                                                                create.py:311
                                                                                                                                                                       create.py:905
           [musichockeyapp] Installing application code...                                                                                                             create.py:905
           Installing src/musichockeyapp... started                                                                                                                    create.py:685
           Installing src/musichockeyapp... done                                                                                                                       create.py:685
                                                                                                                                                                       create.py:908
           [musichockeyapp] Installing requirements...                                                                                                                 create.py:908
           Writing requirements file... started                                                                                                                        create.py:516
           Writing requirements file... done                                                                                                                           create.py:516
                                                                                                                                                                       create.py:911
           [musichockeyapp] Installing application resources...                                                                                                        create.py:911
                                                                                                                                                                       create.py:914
           [musichockeyapp] Removing unneeded app content...                                                                                                           create.py:914
           Removing unneeded app bundle content... started                                                                                                             create.py:848
           Removing directory app\src\main\python\musichockeyapp\__pycache__                                                                                           create.py:855
           Removing unneeded app bundle content... done                                                                                                                create.py:848
                                                                                                                                                                       create.py:917
           [musichockeyapp] Created build\musichockeyapp\android\gradle                                                                                                create.py:917
                                                                                                                                                                       gradle.py:319
           [musichockeyapp] Updating app metadata...                                                                                                                   gradle.py:319
           Setting main module... started                                                                                                                              gradle.py:301
           Setting main module... done                                                                                                                                 gradle.py:301
                                                                                                                                                                       gradle.py:322
           [musichockeyapp] Building Android APK...                                                                                                                    gradle.py:322
           Building... started                                                                                                                                         gradle.py:323
           Downloading the Android emulator...                                                                                                                    android_sdk.py:640
                                                                                                                                                                   subprocess.py:827
           >>> Running Command:                                                                                                                                    subprocess.py:827
           >>>     'C:\Users\SmithR\AppData\Local\BeeWare\briefcase\Cache\tools\android_sdk\cmdline-tools\12.0\bin\sdkmanager.bat' platform-tools emulator         subprocess.py:827
           >>> Working Directory:                                                                                                                                  subprocess.py:827
           >>>     C:\Users\SmithR\Downloads\Hockey-Music-and-Sound-dylan\musichockeyapp                                                                           subprocess.py:827
           >>> Environment Overrides:                                                                                                                              subprocess.py:827
           >>>     ANDROID_HOME=C:\Users\SmithR\AppData\Local\BeeWare\briefcase\Cache\tools\android_sdk                                                            subprocess.py:827
           >>>     ANDROID_SDK_ROOT=C:\Users\SmithR\AppData\Local\BeeWare\briefcase\Cache\tools\android_sdk                                                        subprocess.py:827
           >>>     JAVA_HOME=C:\Users\SmithR\Downloads\jdk-17.0.12                                                                                                 subprocess.py:827
[18:17:26] >>> Return code: 0                                                                                                                                      subprocess.py:827
                                                                                                                                                                   subprocess.py:827
           >>> Running Command:                                                                                                                                    subprocess.py:827
           >>>     'C:\Users\SmithR\Downloads\Hockey-Music-and-Sound-dylan\musichockeyapp\build\musichockeyapp\android\gradle\gradlew.bat' --console plain         subprocess.py:827
           assembleDebug                                                                                                                                                            
           >>> Working Directory:                                                                                                                                  subprocess.py:827
           >>>     C:\Users\SmithR\Downloads\Hockey-Music-and-Sound-dylan\musichockeyapp\build\musichockeyapp\android\gradle                                       subprocess.py:827
           >>> Environment Overrides:                                                                                                                              subprocess.py:827
           >>>     ANDROID_HOME=C:\Users\SmithR\AppData\Local\BeeWare\briefcase\Cache\tools\android_sdk                                                            subprocess.py:827
           >>>     ANDROID_SDK_ROOT=C:\Users\SmithR\AppData\Local\BeeWare\briefcase\Cache\tools\android_sdk                                                        subprocess.py:827
           >>>     JAVA_HOME=C:\Users\SmithR\Downloads\jdk-17.0.12                                                                                                 subprocess.py:827
[18:17:27] Downloading https://services.gradle.org/distributions/gradle-8.2-bin.zip                                                                                subprocess.py:195
[18:17:30]                                                                                                                                                         subprocess.py:195
           Exception in thread "main" javax.net.ssl.SSLHandshakeException: PKIX path building failed: sun.security.provider.certpath.SunCertPathBuilderException:  subprocess.py:195
           unable to find valid certification path to requested target                                                                                                              
                   at java.base/sun.security.ssl.Alert.createSSLException(Alert.java:131)                                                                          subprocess.py:195
                   at java.base/sun.security.ssl.TransportContext.fatal(TransportContext.java:378)                                                                 subprocess.py:195
                   at java.base/sun.security.ssl.TransportContext.fatal(TransportContext.java:321)                                                                 subprocess.py:195
                   at java.base/sun.security.ssl.TransportContext.fatal(TransportContext.java:316)                                                                 subprocess.py:195
                   at java.base/sun.security.ssl.CertificateMessage$T13CertificateConsumer.checkServerCerts(CertificateMessage.java:1351)                          subprocess.py:195
                   at java.base/sun.security.ssl.CertificateMessage$T13CertificateConsumer.onConsumeCertificate(CertificateMessage.java:1226)                      subprocess.py:195
                   at java.base/sun.security.ssl.CertificateMessage$T13CertificateConsumer.consume(CertificateMessage.java:1169)                                   subprocess.py:195
                   at java.base/sun.security.ssl.SSLHandshake.consume(SSLHandshake.java:396)                                                                       subprocess.py:195
                   at java.base/sun.security.ssl.HandshakeContext.dispatch(HandshakeContext.java:480)                                                              subprocess.py:195
                   at java.base/sun.security.ssl.HandshakeContext.dispatch(HandshakeContext.java:458)                                                              subprocess.py:195
                   at java.base/sun.security.ssl.TransportContext.dispatch(TransportContext.java:201)                                                              subprocess.py:195
                   at java.base/sun.security.ssl.SSLTransport.decode(SSLTransport.java:172)                                                                        subprocess.py:195
                   at java.base/sun.security.ssl.SSLSocketImpl.decode(SSLSocketImpl.java:1506)                                                                     subprocess.py:195
                   at java.base/sun.security.ssl.SSLSocketImpl.readHandshakeRecord(SSLSocketImpl.java:1421)                                                        subprocess.py:195
                   at java.base/sun.security.ssl.SSLSocketImpl.startHandshake(SSLSocketImpl.java:455)                                                              subprocess.py:195
                   at java.base/sun.security.ssl.SSLSocketImpl.startHandshake(SSLSocketImpl.java:426)                                                              subprocess.py:195
                   at java.base/sun.net.www.protocol.https.HttpsClient.afterConnect(HttpsClient.java:589)                                                          subprocess.py:195
                   at java.base/sun.net.www.protocol.https.AbstractDelegateHttpsURLConnection.connect(AbstractDelegateHttpsURLConnection.java:187)                 subprocess.py:195
                   at java.base/sun.net.www.protocol.http.HttpURLConnection.followRedirect0(HttpURLConnection.java:2940)                                           subprocess.py:195
                   at java.base/sun.net.www.protocol.http.HttpURLConnection.followRedirect(HttpURLConnection.java:2849)                                            subprocess.py:195
                   at java.base/sun.net.www.protocol.http.HttpURLConnection.getInputStream0(HttpURLConnection.java:1948)                                           subprocess.py:195
                   at java.base/sun.net.www.protocol.http.HttpURLConnection.getInputStream(HttpURLConnection.java:1610)                                            subprocess.py:195
                   at java.base/sun.net.www.protocol.https.HttpsURLConnectionImpl.getInputStream(HttpsURLConnectionImpl.java:224)                                  subprocess.py:195
                   at org.gradle.wrapper.Download.downloadInternal(Download.java:66)                                                                               subprocess.py:195
                   at org.gradle.wrapper.Download.download(Download.java:51)                                                                                       subprocess.py:195
                   at org.gradle.wrapper.Install$1.call(Install.java:62)                                                                                           subprocess.py:195
                   at org.gradle.wrapper.Install$1.call(Install.java:48)                                                                                           subprocess.py:195
                   at org.gradle.wrapper.ExclusiveFileAccessManager.access(ExclusiveFileAccessManager.java:69)                                                     subprocess.py:195
                   at org.gradle.wrapper.Install.createDist(Install.java:48)                                                                                       subprocess.py:195
                   at org.gradle.wrapper.WrapperExecutor.execute(WrapperExecutor.java:107)                                                                         subprocess.py:195
                   at org.gradle.wrapper.GradleWrapperMain.main(GradleWrapperMain.java:61)                                                                         subprocess.py:195
           Caused by: sun.security.validator.ValidatorException: PKIX path building failed: sun.security.provider.certpath.SunCertPathBuilderException: unable to  subprocess.py:195
           find valid certification path to requested target                                                                                                                        
                   at java.base/sun.security.validator.PKIXValidator.doBuild(PKIXValidator.java:439)                                                               subprocess.py:195
                   at java.base/sun.security.validator.PKIXValidator.engineValidate(PKIXValidator.java:306)                                                        subprocess.py:195
                   at java.base/sun.security.validator.Validator.validate(Validator.java:264)                                                                      subprocess.py:195
                   at java.base/sun.security.ssl.X509TrustManagerImpl.checkTrusted(X509TrustManagerImpl.java:231)                                                  subprocess.py:195
                   at java.base/sun.security.ssl.X509TrustManagerImpl.checkServerTrusted(X509TrustManagerImpl.java:132)                                            subprocess.py:195
[18:17:31]         at java.base/sun.security.ssl.CertificateMessage$T13CertificateConsumer.checkServerCerts(CertificateMessage.java:1335)                          subprocess.py:195
                   ... 26 more                                                                                                                                     subprocess.py:195
           Caused by: sun.security.provider.certpath.SunCertPathBuilderException: unable to find valid certification path to requested target                      subprocess.py:195
                   at java.base/sun.security.provider.certpath.SunCertPathBuilder.build(SunCertPathBuilder.java:148)                                               subprocess.py:195
                   at java.base/sun.security.provider.certpath.SunCertPathBuilder.engineBuild(SunCertPathBuilder.java:129)                                         subprocess.py:195
                   at java.base/java.security.cert.CertPathBuilder.build(CertPathBuilder.java:297)                                                                 subprocess.py:195
                   at java.base/sun.security.validator.PKIXValidator.doBuild(PKIXValidator.java:434)                                                               subprocess.py:195
                   ... 31 more                                                                                                                                     subprocess.py:195
           >>> Return code: 1                                                                                                                                      subprocess.py:827
           Building... errored                                                                                                                                         gradle.py:323
                                                                                                                                                                      __main__.py:44
           Error while building project.                                                                                                                              __main__.py:45
           Saving log... started                                                                                                                                      console.py:391

Main thread traceback:
╭─────────────────────────────────────────────────────────────────────── Traceback (most recent call last) ────────────────────────────────────────────────────────────────────────╮
│ C:\Users\SmithR\Downloads\PortableGit\MusicHockeyApp\beeware-venv\Lib\site-packages\briefcase\platforms\android\gradle.py:325 in build_app                                       │
│                                                                                                                                                                                  │
│   322 │   │   self.logger.info("Building Android APK...", prefix=app.app_name)                                                                                                   │
│   323 │   │   with self.input.wait_bar("Building..."):                                                                                                                           │
│   324 │   │   │   try:                                                                                                                                                           │
│ ❱ 325 │   │   │   │   self.run_gradle(app, ["assembleDebug"])                                                                                                                    │
│   326 │   │   │   except subprocess.CalledProcessError as e:                                                                                                                     │
│   327 │   │   │   │   raise BriefcaseCommandError("Error while building project.") from e                                                                                        │
│   328                                                                                                                                                                            │
│                                                                                                                                                                                  │
│ ╭───────────────────────────────────────────── locals ─────────────────────────────────────────────╮                                                                             │
│ │       app = <com.example.musichockeyapp v0.0.1 AppConfig>                                        │                                                                             │
│ │    kwargs = {}                                                                                   │                                                                             │
│ │      self = <briefcase.platforms.android.gradle.GradleBuildCommand object at 0x0000023BFDC5A600> │                                                                             │
│ │ test_mode = False                                                                                │                                                                             │
│ ╰──────────────────────────────────────────────────────────────────────────────────────────────────╯                                                                             │
│                                                                                                                                                                                  │
│ C:\Users\SmithR\Downloads\PortableGit\MusicHockeyApp\beeware-venv\Lib\site-packages\briefcase\platforms\android\gradle.py:118 in run_gradle                                      │
│                                                                                                                                                                                  │
│   115 │   │   self.tools.android_sdk.verify_emulator()                                                                                                                           │
│   116 │   │                                                                                                                                                                      │
│   117 │   │   gradlew = "gradlew.bat" if self.tools.host_os == "Windows" else "gradlew"                                                                                          │
│ ❱ 118 │   │   self.tools.subprocess.run(                                                                                                                                         │
│   119 │   │   │   # Windows needs the full path to `gradlew`; macOS & Linux can find it                                                                                          │
│   120 │   │   │   # via `./gradlew`. For simplicity of implementation, we always provide                                                                                         │
│   121 │   │   │   # the full path.                                                                                                                                               │
│                                                                                                                                                                                  │
│ ╭──────────────────────────────────────────── locals ────────────────────────────────────────────╮                                                                               │
│ │     app = <com.example.musichockeyapp v0.0.1 AppConfig>                                        │                                                                               │
│ │    args = ['assembleDebug']                                                                    │                                                                               │
│ │ gradlew = 'gradlew.bat'                                                                        │                                                                               │
│ │    self = <briefcase.platforms.android.gradle.GradleBuildCommand object at 0x0000023BFDC5A600> │                                                                               │
│ ╰────────────────────────────────────────────────────────────────────────────────────────────────╯                                                                               │
│                                                                                                                                                                                  │
│ C:\Users\SmithR\Downloads\PortableGit\MusicHockeyApp\beeware-venv\Lib\site-packages\briefcase\integrations\subprocess.py:142 in inner                                            │
│                                                                                                                                                                                  │
│   139 │   │   # Run subprocess command with or without console control                                                                                                           │
│   140 │   │   if remove_dynamic_elements:                                                                                                                                        │
│   141 │   │   │   with sub.tools.input.release_console_control():                                                                                                                │
│ ❱ 142 │   │   │   │   return sub_method(sub, args, *wrapped_args, **wrapped_kwargs)                                                                                              │
│   143 │   │   else:                                                                                                                                                              │
│   144 │   │   │   return sub_method(sub, args, *wrapped_args, **wrapped_kwargs)                                                                                                  │
│   145                                                                                                                                                                            │
│                                                                                                                                                                                  │
│ ╭────────────────────────────────────────────────────────────────────────────── locals ───────────────────────────────────────────────────────────────────────────────╮          │
│ │                    args = [                                                                                                                                         │          │
│ │                           │   WindowsPath('C:/Users/SmithR/Downloads/Hockey-Music-and-Sound-dylan/musichockeyapp/build/musichockeyapp/android/gradle/gradlew.bat'), │          │
│ │                           │   '--console',                                                                                                                          │          │
│ │                           │   'plain',                                                                                                                              │          │
│ │                           │   'assembleDebug'                                                                                                                       │          │
│ │                           ]                                                                                                                                         │          │
│ │              executable = 'C:\\Users\\SmithR\\Downloads\\Hockey-Music-and-Sound-dylan\\musichockeyapp\\build\\musi'+37                                              │          │
│ │ remove_dynamic_elements = True                                                                                                                                      │          │
│ │                     sub = <briefcase.integrations.subprocess.Subprocess object at 0x0000023BFCDFFE00>                                                               │          │
│ │            wrapped_args = ()                                                                                                                                        │          │
│ │          wrapped_kwargs = {                                                                                                                                         │          │
│ │                           │   'env': {                                                                                                                              │          │
│ │                           │   │   'ANDROID_HOME': 'C:\\Users\\SmithR\\AppData\\Local\\BeeWare\\briefcase\\Cache\\tools\\android_sdk',                               │          │
│ │                           │   │   'ANDROID_SDK_ROOT': 'C:\\Users\\SmithR\\AppData\\Local\\BeeWare\\briefcase\\Cache\\tools\\android_sdk',                           │          │
│ │                           │   │   'JAVA_HOME': 'C:\\Users\\SmithR\\Downloads\\jdk-17.0.12'                                                                          │          │
│ │                           │   },                                                                                                                                    │          │
│ │                           │   'cwd': WindowsPath('C:/Users/SmithR/Downloads/Hockey-Music-and-Sound-dylan/musichockeyapp/build/musichockeyapp/android/gradle'),      │          │
│ │                           │   'check': True,                                                                                                                        │          │
│ │                           │   'encoding': 'CP1252'                                                                                                                  │          │
│ │                           }                                                                                                                                         │          │
│ ╰─────────────────────────────────────────────────────────────────────────────────────────────────────────────────────────────────────────────────────────────────────╯          │
│                                                                                                                                                                                  │
│ C:\Users\SmithR\Downloads\PortableGit\MusicHockeyApp\beeware-venv\Lib\site-packages\briefcase\integrations\subprocess.py:539 in run                                              │
│                                                                                                                                                                                  │
│   536 │   │   # caller sets stream_output=False, then ensure_console_is_safe() will                                                                                              │
│   537 │   │   # disable any dynamic console elements while the command runs.                                                                                                     │
│   538 │   │   if stream_output:                                                                                                                                                  │
│ ❱ 539 │   │   │   return self._run_and_stream_output(args, filter_func=filter_func, **kwargs)                                                                                    │
│   540 │   │                                                                                                                                                                      │
│   541 │   │   # Can't filter non-streamed output.                                                                                                                                │
│   542 │   │   if filter_func:                                                                                                                                                    │
│                                                                                                                                                                                  │
│ ╭───────────────────────────────────────────────────────────────────────── locals ──────────────────────────────────────────────────────────────────────────╮                    │
│ │          args = [                                                                                                                                         │                    │
│ │                 │   WindowsPath('C:/Users/SmithR/Downloads/Hockey-Music-and-Sound-dylan/musichockeyapp/build/musichockeyapp/android/gradle/gradlew.bat'), │                    │
│ │                 │   '--console',                                                                                                                          │                    │
│ │                 │   'plain',                                                                                                                              │                    │
│ │                 │   'assembleDebug'                                                                                                                       │                    │
│ │                 ]                                                                                                                                         │                    │
│ │   filter_func = None                                                                                                                                      │                    │
│ │        kwargs = {                                                                                                                                         │                    │
│ │                 │   'env': {                                                                                                                              │                    │
│ │                 │   │   'ANDROID_HOME': 'C:\\Users\\SmithR\\AppData\\Local\\BeeWare\\briefcase\\Cache\\tools\\android_sdk',                               │                    │
│ │                 │   │   'ANDROID_SDK_ROOT': 'C:\\Users\\SmithR\\AppData\\Local\\BeeWare\\briefcase\\Cache\\tools\\android_sdk',                           │                    │
│ │                 │   │   'JAVA_HOME': 'C:\\Users\\SmithR\\Downloads\\jdk-17.0.12'                                                                          │                    │
│ │                 │   },                                                                                                                                    │                    │
│ │                 │   'cwd': WindowsPath('C:/Users/SmithR/Downloads/Hockey-Music-and-Sound-dylan/musichockeyapp/build/musichockeyapp/android/gradle'),      │                    │
│ │                 │   'check': True,                                                                                                                        │                    │
│ │                 │   'encoding': 'CP1252'                                                                                                                  │                    │
│ │                 }                                                                                                                                         │                    │
│ │          self = <briefcase.integrations.subprocess.Subprocess object at 0x0000023BFCDFFE00>                                                               │                    │
│ │ stream_output = True                                                                                                                                      │                    │
│ ╰───────────────────────────────────────────────────────────────────────────────────────────────────────────────────────────────────────────────────────────╯                    │
│                                                                                                                                                                                  │
│ C:\Users\SmithR\Downloads\PortableGit\MusicHockeyApp\beeware-venv\Lib\site-packages\briefcase\integrations\subprocess.py:615 in _run_and_stream_output                           │
│                                                                                                                                                                                  │
│   612 │   │   self._log_return_code(return_code)                                                                                                                                 │
│   613 │   │                                                                                                                                                                      │
│   614 │   │   if check and return_code:                                                                                                                                          │
│ ❱ 615 │   │   │   raise subprocess.CalledProcessError(return_code, args, stderr=stderr)                                                                                          │
│   616 │   │                                                                                                                                                                      │
│   617 │   │   return subprocess.CompletedProcess(args, return_code, stderr=stderr)                                                                                               │
│   618                                                                                                                                                                            │
│                                                                                                                                                                                  │
│ ╭──────────────────────────────────────────────────────────────────────── locals ─────────────────────────────────────────────────────────────────────────╮                      │
│ │        args = [                                                                                                                                         │                      │
│ │               │   WindowsPath('C:/Users/SmithR/Downloads/Hockey-Music-and-Sound-dylan/musichockeyapp/build/musichockeyapp/android/gradle/gradlew.bat'), │                      │
│ │               │   '--console',                                                                                                                          │                      │
│ │               │   'plain',                                                                                                                              │                      │
│ │               │   'assembleDebug'                                                                                                                       │                      │
│ │               ]                                                                                                                                         │                      │
│ │       check = True                                                                                                                                      │                      │
│ │ filter_func = None                                                                                                                                      │                      │
│ │      kwargs = {                                                                                                                                         │                      │
│ │               │   'env': {                                                                                                                              │                      │
│ │               │   │   'ANDROID_HOME': 'C:\\Users\\SmithR\\AppData\\Local\\BeeWare\\briefcase\\Cache\\tools\\android_sdk',                               │                      │
│ │               │   │   'ANDROID_SDK_ROOT': 'C:\\Users\\SmithR\\AppData\\Local\\BeeWare\\briefcase\\Cache\\tools\\android_sdk',                           │                      │
│ │               │   │   'JAVA_HOME': 'C:\\Users\\SmithR\\Downloads\\jdk-17.0.12'                                                                          │                      │
│ │               │   },                                                                                                                                    │                      │
│ │               │   'cwd': WindowsPath('C:/Users/SmithR/Downloads/Hockey-Music-and-Sound-dylan/musichockeyapp/build/musichockeyapp/android/gradle'),      │                      │
│ │               │   'encoding': 'CP1252',                                                                                                                 │                      │
│ │               │   'stdout': -1,                                                                                                                         │                      │
│ │               │   'stderr': -2,                                                                                                                         │                      │
│ │               │   'bufsize': 1                                                                                                                          │                      │
│ │               }                                                                                                                                         │                      │
│ │     process = <Popen: returncode: 1 args: ['C:\\Users\\SmithR\\Downloads\\Hockey-Music-and...>                                                          │                      │
│ │ return_code = 1                                                                                                                                         │                      │
│ │        self = <briefcase.integrations.subprocess.Subprocess object at 0x0000023BFCDFFE00>                                                               │                      │
│ │      stderr = None                                                                                                                                      │                      │
│ ╰─────────────────────────────────────────────────────────────────────────────────────────────────────────────────────────────────────────────────────────╯                      │
╰──────────────────────────────────────────────────────────────────────────────────────────────────────────────────────────────────────────────────────────────────────────────────╯
CalledProcessError: Command '[WindowsPath('C:/Users/SmithR/Downloads/Hockey-Music-and-Sound-dylan/musichockeyapp/build/musichockeyapp/android/gradle/gradlew.bat'), '--console', 'plain', 'assembleDebug']' returned non-zero exit status 1.

The above exception was the direct cause of the following exception:

╭─────────────────────────────────────────────────────────────────────── Traceback (most recent call last) ────────────────────────────────────────────────────────────────────────╮
│ C:\Users\SmithR\Downloads\PortableGit\MusicHockeyApp\beeware-venv\Lib\site-packages\briefcase\__main__.py:29 in main                                                             │
│                                                                                                                                                                                  │
│   26 │   │   │   Path.cwd() / "pyproject.toml",                                                                                                                                  │
│   27 │   │   │   overrides=overrides,                                                                                                                                            │
│   28 │   │   )                                                                                                                                                                   │
│ ❱ 29 │   │   command(**options)                                                                                                                                                  │
│   30 │   except HelpText as e:                                                                                                                                                   │
│   31 │   │   logger.info()                                                                                                                                                       │
│   32 │   │   logger.info(str(e))                                                                                                                                                 │
│                                                                                                                                                                                  │
│ ╭─────────────────────────────────────────────── locals ───────────────────────────────────────────────╮                                                                         │
│ │       command = <briefcase.platforms.android.gradle.GradleBuildCommand object at 0x0000023BFDC5A600> │                                                                         │
│ │       console = <briefcase.console.Console object at 0x0000023BFDC59D00>                             │                                                                         │
│ │             e = BriefcaseCommandError('Error while building project.')                               │                                                                         │
│ │ extra_cmdline = []                                                                                   │                                                                         │
│ │        logger = <briefcase.console.Log object at 0x0000023BFDC59E80>                                 │                                                                         │
│ │       options = {                                                                                    │                                                                         │
│ │                 │   'update': False,                                                                 │                                                                         │
│ │                 │   'update_requirements': False,                                                    │                                                                         │
│ │                 │   'update_support': False,                                                         │                                                                         │
│ │                 │   'update_stub': False,                                                            │                                                                         │
│ │                 │   'update_resources': False,                                                       │                                                                         │
│ │                 │   'no_update': False,                                                              │                                                                         │
│ │                 │   'test_mode': False                                                               │                                                                         │
│ │                 }                                                                                    │                                                                         │
│ │     overrides = {}                                                                                   │                                                                         │
│ │       printer = <briefcase.console.Printer object at 0x0000023BFA9D30E0>                             │                                                                         │
│ │        result = 200                                                                                  │                                                                         │
│ ╰──────────────────────────────────────────────────────────────────────────────────────────────────────╯                                                                         │
│                                                                                                                                                                                  │
│ C:\Users\SmithR\Downloads\PortableGit\MusicHockeyApp\beeware-venv\Lib\site-packages\briefcase\commands\build.py:141 in __call__                                                  │
│                                                                                                                                                                                  │
│   138 │   │   else:                                                                                                                                                              │
│   139 │   │   │   state = None                                                                                                                                                   │
│   140 │   │   │   for app_name, app in sorted(self.apps.items()):                                                                                                                │
│ ❱ 141 │   │   │   │   state = self._build_app(                                                                                                                                   │
│   142 │   │   │   │   │   app,                                                                                                                                                   │
│   143 │   │   │   │   │   update=update,                                                                                                                                         │
│   144 │   │   │   │   │   update_requirements=update_requirements,                                                                                                               │
│                                                                                                                                                                                  │
│ ╭────────────────────────────────────────────────── locals ──────────────────────────────────────────────────╮                                                                   │
│ │                 app = <com.example.musichockeyapp v0.0.1 AppConfig>                                        │                                                                   │
│ │            app_name = 'musichockeyapp'                                                                     │                                                                   │
│ │           no_update = False                                                                                │                                                                   │
│ │             options = {}                                                                                   │                                                                   │
│ │                self = <briefcase.platforms.android.gradle.GradleBuildCommand object at 0x0000023BFDC5A600> │                                                                   │
│ │               state = None                                                                                 │                                                                   │
│ │           test_mode = False                                                                                │                                                                   │
│ │              update = False                                                                                │                                                                   │
│ │ update_requirements = False                                                                                │                                                                   │
│ │    update_resources = False                                                                                │                                                                   │
│ │         update_stub = False                                                                                │                                                                   │
│ │      update_support = False                                                                                │                                                                   │
│ ╰────────────────────────────────────────────────────────────────────────────────────────────────────────────╯                                                                   │
│                                                                                                                                                                                  │
│ C:\Users\SmithR\Downloads\PortableGit\MusicHockeyApp\beeware-venv\Lib\site-packages\briefcase\commands\build.py:77 in _build_app                                                 │
│                                                                                                                                                                                  │
│    74 │   │                                                                                                                                                                      │
│    75 │   │   self.verify_app(app)                                                                                                                                               │
│    76 │   │                                                                                                                                                                      │
│ ❱  77 │   │   state = self.build_app(app, test_mode=test_mode, **full_options(state, options))                                                                                   │
│    78 │   │                                                                                                                                                                      │
│    79 │   │   qualifier = " (test mode)" if test_mode else ""                                                                                                                    │
│    80 │   │   self.logger.info(                                                                                                                                                  │
│                                                                                                                                                                                  │
│ ╭────────────────────────────────────────────────── locals ──────────────────────────────────────────────────╮                                                                   │
│ │                 app = <com.example.musichockeyapp v0.0.1 AppConfig>                                        │                                                                   │
│ │           no_update = False                                                                                │                                                                   │
│ │             options = {}                                                                                   │                                                                   │
│ │                self = <briefcase.platforms.android.gradle.GradleBuildCommand object at 0x0000023BFDC5A600> │                                                                   │
│ │               state = None                                                                                 │                                                                   │
│ │           test_mode = False                                                                                │                                                                   │
│ │              update = False                                                                                │                                                                   │
│ │ update_requirements = False                                                                                │                                                                   │
│ │    update_resources = False                                                                                │                                                                   │
│ │         update_stub = False                                                                                │                                                                   │
│ │      update_support = False                                                                                │                                                                   │
│ ╰────────────────────────────────────────────────────────────────────────────────────────────────────────────╯                                                                   │
│                                                                                                                                                                                  │
│ C:\Users\SmithR\Downloads\PortableGit\MusicHockeyApp\beeware-venv\Lib\site-packages\briefcase\platforms\android\gradle.py:327 in build_app                                       │
│                                                                                                                                                                                  │
│   324 │   │   │   try:                                                                                                                                                           │
│   325 │   │   │   │   self.run_gradle(app, ["assembleDebug"])                                                                                                                    │
│   326 │   │   │   except subprocess.CalledProcessError as e:                                                                                                                     │
│ ❱ 327 │   │   │   │   raise BriefcaseCommandError("Error while building project.") from e                                                                                        │
│   328                                                                                                                                                                            │
│   329                                                                                                                                                                            │
│   330 class GradleRunCommand(GradleMixin, RunCommand):                                                                                                                           │
│                                                                                                                                                                                  │
│ ╭───────────────────────────────────────────── locals ─────────────────────────────────────────────╮                                                                             │
│ │       app = <com.example.musichockeyapp v0.0.1 AppConfig>                                        │                                                                             │
│ │    kwargs = {}                                                                                   │                                                                             │
│ │      self = <briefcase.platforms.android.gradle.GradleBuildCommand object at 0x0000023BFDC5A600> │                                                                             │
│ │ test_mode = False                                                                                │                                                                             │
│ ╰──────────────────────────────────────────────────────────────────────────────────────────────────╯                                                                             │
╰──────────────────────────────────────────────────────────────────────────────────────────────────────────────────────────────────────────────────────────────────────────────────╯
BriefcaseCommandError: Error while building project.
[18:17:34] Collecting extra information for log... started                                                                                                            console.py:426
                                                                                                                                                                      console.py:430
           Extra information:                                                                                                                                         console.py:431
                                                                                                                                                                   subprocess.py:827
           >>> Running Command:                                                                                                                                    subprocess.py:827
           >>>     'C:\Users\SmithR\AppData\Local\BeeWare\briefcase\Cache\tools\android_sdk\cmdline-tools\12.0\bin\sdkmanager.bat' --list_installed                subprocess.py:827
           >>> Working Directory:                                                                                                                                  subprocess.py:827
           >>>     C:\Users\SmithR\Downloads\Hockey-Music-and-Sound-dylan\musichockeyapp                                                                           subprocess.py:827
           >>> Environment Overrides:                                                                                                                              subprocess.py:827
           >>>     ANDROID_HOME=C:\Users\SmithR\AppData\Local\BeeWare\briefcase\Cache\tools\android_sdk                                                            subprocess.py:827
           >>>     ANDROID_SDK_ROOT=C:\Users\SmithR\AppData\Local\BeeWare\briefcase\Cache\tools\android_sdk                                                        subprocess.py:827
           >>>     JAVA_HOME=C:\Users\SmithR\Downloads\jdk-17.0.12                                                                                                 subprocess.py:827
[18:17:47] >>> Command Output:                                                                                                                                     subprocess.py:827
           >>>     Loading package information...                                                                                                                  subprocess.py:827
           >>>     Loading local repository...                                                                                                                     subprocess.py:827
           >>>     [=========                              ] 25% Loading local repository...                                                                       subprocess.py:827
           >>>     [=========                              ] 25% Fetch remote repository...                                                                        subprocess.py:827
           >>>     [=======================================] 100% Fetch remote repository...                                                                       subprocess.py:827
           >>>                                                                                                                                                     subprocess.py:827
           >>>     Installed packages:                                                                                                                             subprocess.py:827
           >>>       Path           | Version | Description                | Location                                                                              subprocess.py:827
           >>>       -------        | ------- | -------                    | -------                                                                               subprocess.py:827
           >>>       emulator       | 35.2.10 | Android Emulator           | emulator                                                                              subprocess.py:827
           >>>       platform-tools | 35.0.2  | Android SDK Platform-Tools | platform-tools                                                                        subprocess.py:827
           >>>                                                                                                                                                     subprocess.py:827
           >>> Return code: 0                                                                                                                                      subprocess.py:827
           Collecting extra information for log... done                                                                                                               console.py:426
